<?xml version="1.0" encoding="UTF-8"?><testsuite errors="1" failures="0" name="net.serenitybdd.tutorials.features.navigation.WhenBrowsingProductCategories" skipped="0" tests="1" time="48.92" timestamp="2019-05-141 05:53:00"><testcase classname="net.serenitybdd.tutorials.features.navigation.WhenBrowsingProductCategories" name="Should be able to navigate to the motors category"><error message="Could not instantiate class org.openqa.selenium.firefox.FirefoxDriver" type="net.thucydides.core.webdriver.UnsupportedDriverException">Could not instantiate class org.openqa.selenium.firefox.FirefoxDriver</error><system-err>Could not instantiate class org.openqa.selenium.firefox.FirefoxDriver&#13;
net.serenitybdd.tutorials.steps.NavigatingUser.isOnTheHomePage(NavigatingUser.java:17)&#13;
net.serenitybdd.tutorials.features.navigation.WhenBrowsingProductCategories.shouldBeAbleToNavigateToTheMotorsCategory(WhenBrowsingProductCategories.java:23)&#13;
</system-err></testcase></testsuite>